
> zvolta-react@1.0.0 dev
> vite --host 127.0.0.1 --port 5173


  [32m[1mVITE[22m v5.4.21[39m  [2mready in [0m[1m510[22m[2m[0m ms[22m

  [32m➜[39m  [1mLocal[22m:   [36mhttp://127.0.0.1:[1m5173[22m/[39m
[2m3:19:08 PM[22m [36m[1m[vite][22m[39m [32mhmr update [39m[2m/src/main.jsx, /src/index.css, /src/components/SiteLayout.jsx[22m
[2m3:19:08 PM[22m [36m[1m[vite][22m[39m [32mhmr update [39m[2m/src/components/SiteLayout.jsx, /src/index.css[22m
[2m3:19:08 PM[22m [36m[1m[vite][22m[39m [32mhmr update [39m[2m/src/main.jsx, /src/index.css[22m
[2m3:21:39 PM[22m [36m[1m[vite][22m[39m [32mhmr update [39m[2m/src/components/SiteLayout.jsx, /src/index.css[22m
[2m3:21:47 PM[22m [36m[1m[vite][22m[39m [32mhmr update [39m[2m/src/components/SiteLayout.jsx, /src/index.css[22m
[2m3:31:36 PM[22m [36m[1m[vite][22m[39m [32mhmr update [39m[2m/src/components/SiteLayout.jsx, /src/index.css[22m
[2m3:40:29 PM[22m [36m[1m[vite][22m[39m [32mhmr update [39m[2m/src/components/SiteLayout.jsx, /src/index.css[22m
[2m3:40:48 PM[22m [36m[1m[vite][22m[39m [32mhmr update [39m[2m/src/index.css[22m
[2m3:40:53 PM[22m [36m[1m[vite][22m[39m [32mhmr update [39m[2m/src/components/SiteLayout.jsx, /src/index.css[22m
[2m3:41:00 PM[22m [36m[1m[vite][22m[39m [32mhmr update [39m[2m/src/components/SiteLayout.jsx, /src/index.css[22m
[2m3:41:00 PM[22m [36m[1m[vite][22m[39m [32mhmr update [39m[2m/src/index.css[22m
[2m3:42:01 PM[22m [36m[1m[vite][22m[39m [32mpage reload [39m[2m.tmp-chrome-check/Default/Extensions/Temp/scoped_dir9396_679568435/CRX_INSTALL/html/about.html[22m
[2m3:42:01 PM[22m [36m[1m[vite][22m[39m [32mpage reload [39m[2m.tmp-chrome-check/Default/Extensions/Temp/scoped_dir9396_679568435/CRX_INSTALL/html/activate_banner_mb.html[22m
[2m3:42:01 PM[22m [36m[1m[vite][22m[39m [32mpage reload [39m[2m.tmp-chrome-check/Default/Extensions/Temp/scoped_dir9396_679568435/CRX_INSTALL/html/dfd_landing_page.html[22m
[2m3:42:01 PM[22m [36m[1m[vite][22m[39m [32mpage reload [39m[2m.tmp-chrome-check/Default/Extensions/Temp/scoped_dir9396_679568435/CRX_INSTALL/html/ff_policy.html[22m
[2m3:42:01 PM[22m [36m[1m[vite][22m[39m [32mpage reload [39m[2m.tmp-chrome-check/Default/Extensions/Temp/scoped_dir9396_679568435/CRX_INSTALL/html/ff_policy2.html[22m
[2m3:42:01 PM[22m [36m[1m[vite][22m[39m [32mpage reload [39m[2m.tmp-chrome-check/Default/Extensions/Temp/scoped_dir9396_679568435/CRX_INSTALL/html/foreground_sidebar_main.html[22m
[2m3:42:01 PM[22m [36m[1m[vite][22m[39m [32mpage reload [39m[2m.tmp-chrome-check/Default/Extensions/Temp/scoped_dir9396_679568435/CRX_INSTALL/html/how_it_works.html[22m
[2m3:42:01 PM[22m [36m[1m[vite][22m[39m [32mpage reload [39m[2m.tmp-chrome-check/Default/Extensions/Temp/scoped_dir9396_679568435/CRX_INSTALL/html/iframe_block_page.html[22m
[2m3:42:01 PM[22m [36m[1m[vite][22m[39m [32mpage reload [39m[2m.tmp-chrome-check/Default/Extensions/Temp/scoped_dir9396_679568435/CRX_INSTALL/html/nps_survey.html[22m
[2m3:42:01 PM[22m [36m[1m[vite][22m[39m [32mpage reload [39m[2m.tmp-chrome-check/Default/Extensions/Temp/scoped_dir9396_679568435/CRX_INSTALL/html/page_banner_mb.html[22m
[2m3:42:01 PM[22m [36m[1m[vite][22m[39m [32mpage reload [39m[2m.tmp-chrome-check/Default/Extensions/Temp/scoped_dir9396_679568435/CRX_INSTALL/html/preference.html[22m
[2m3:42:01 PM[22m [36m[1m[vite][22m[39m [32mpage reload [39m[2m.tmp-chrome-check/Default/Extensions/Temp/scoped_dir9396_679568435/CRX_INSTALL/html/settings.html[22m
[2m3:42:01 PM[22m [36m[1m[vite][22m[39m [32mpage reload [39m[2m.tmp-chrome-check/Default/Extensions/Temp/scoped_dir9396_679568435/CRX_INSTALL/html/site_status_block_page.html[22m
[2m3:42:01 PM[22m [36m[1m[vite][22m[39m [32mpage reload [39m[2m.tmp-chrome-check/Default/Extensions/Temp/scoped_dir9396_679568435/CRX_INSTALL/html/site_status_site_report.html[22m
[2m3:42:01 PM[22m [36m[1m[vite][22m[39m [32mpage reload [39m[2m.tmp-chrome-check/Default/Extensions/Temp/scoped_dir9396_679568435/CRX_INSTALL/html/site_status_typosquatting.html[22m
[2m3:42:01 PM[22m [36m[1m[vite][22m[39m [32mpage reload [39m[2m.tmp-chrome-check/Default/Extensions/Temp/scoped_dir9396_679568435/CRX_INSTALL/html/statistics.html[22m
[2m3:42:01 PM[22m [36m[1m[vite][22m[39m [32mpage reload [39m[2m.tmp-chrome-check/Default/Extensions/Temp/scoped_dir9396_679568435/CRX_INSTALL/html/whitelist.html[22m
[2m3:42:02 PM[22m [36m[1m[vite][22m[39m [32mpage reload [39m[2m.tmp-chrome-check/Default/Extensions/Temp/scoped_dir9396_679568435/CRX_INSTALL/html/about.html[22m
[2m3:42:02 PM[22m [36m[1m[vite][22m[39m [32mpage reload [39m[2m.tmp-chrome-check/Default/Extensions/Temp/scoped_dir9396_679568435/CRX_INSTALL/html/activate_banner_mb.html[22m
[2m3:42:02 PM[22m [36m[1m[vite][22m[39m [32mpage reload [39m[2m.tmp-chrome-check/Default/Extensions/Temp/scoped_dir9396_679568435/CRX_INSTALL/html/dfd_landing_page.html[22m
[2m3:42:02 PM[22m [36m[1m[vite][22m[39m [32mpage reload [39m[2m.tmp-chrome-check/Default/Extensions/Temp/scoped_dir9396_679568435/CRX_INSTALL/html/ff_policy.html[22m
[2m3:42:02 PM[22m [36m[1m[vite][22m[39m [32mpage reload [39m[2m.tmp-chrome-check/Default/Extensions/Temp/scoped_dir9396_679568435/CRX_INSTALL/html/ff_policy2.html[22m
[2m3:42:02 PM[22m [36m[1m[vite][22m[39m [32mpage reload [39m[2m.tmp-chrome-check/Default/Extensions/Temp/scoped_dir9396_679568435/CRX_INSTALL/html/foreground_sidebar_main.html[22m
[2m3:42:02 PM[22m [36m[1m[vite][22m[39m [32mpage reload [39m[2m.tmp-chrome-check/Default/Extensions/Temp/scoped_dir9396_679568435/CRX_INSTALL/html/how_it_works.html[22m
[2m3:42:02 PM[22m [36m[1m[vite][22m[39m [32mpage reload [39m[2m.tmp-chrome-check/Default/Extensions/Temp/scoped_dir9396_679568435/CRX_INSTALL/html/iframe_block_page.html[22m
[2m3:42:02 PM[22m [36m[1m[vite][22m[39m [32mpage reload [39m[2m.tmp-chrome-check/Default/Extensions/Temp/scoped_dir9396_679568435/CRX_INSTALL/html/nps_survey.html[22m
[2m3:42:02 PM[22m [36m[1m[vite][22m[39m [32mpage reload [39m[2m.tmp-chrome-check/Default/Extensions/Temp/scoped_dir9396_679568435/CRX_INSTALL/html/page_banner_mb.html[22m
[2m3:42:02 PM[22m [36m[1m[vite][22m[39m [32mpage reload [39m[2m.tmp-chrome-check/Default/Extensions/Temp/scoped_dir9396_679568435/CRX_INSTALL/html/preference.html[22m
[2m3:42:02 PM[22m [36m[1m[vite][22m[39m [32mpage reload [39m[2m.tmp-chrome-check/Default/Extensions/Temp/scoped_dir9396_679568435/CRX_INSTALL/html/settings.html[22m
[2m3:42:02 PM[22m [36m[1m[vite][22m[39m [32mpage reload [39m[2m.tmp-chrome-check/Default/Extensions/Temp/scoped_dir9396_679568435/CRX_INSTALL/html/site_status_block_page.html[22m
[2m3:42:02 PM[22m [36m[1m[vite][22m[39m [32mpage reload [39m[2m.tmp-chrome-check/Default/Extensions/Temp/scoped_dir9396_679568435/CRX_INSTALL/html/site_status_site_report.html[22m
[2m3:42:02 PM[22m [36m[1m[vite][22m[39m [32mpage reload [39m[2m.tmp-chrome-check/Default/Extensions/Temp/scoped_dir9396_679568435/CRX_INSTALL/html/site_status_typosquatting.html[22m
[2m3:42:02 PM[22m [36m[1m[vite][22m[39m [32mpage reload [39m[2m.tmp-chrome-check/Default/Extensions/Temp/scoped_dir9396_679568435/CRX_INSTALL/html/statistics.html[22m
[2m3:42:02 PM[22m [36m[1m[vite][22m[39m [32mpage reload [39m[2m.tmp-chrome-check/Default/Extensions/Temp/scoped_dir9396_679568435/CRX_INSTALL/html/whitelist.html[22m
[2m3:42:02 PM[22m [36m[1m[vite][22m[39m [32mpage reload [39m[2m.tmp-chrome-check/Default/Extensions/fheoggkfdfchfphceeifdbepaooicaho/8.1.0.9066_0/html/about.html[22m
[2m3:42:02 PM[22m [36m[1m[vite][22m[39m [32mpage reload [39m[2m.tmp-chrome-check/Default/Extensions/fheoggkfdfchfphceeifdbepaooicaho/8.1.0.9066_0/html/activate_banner_mb.html[22m
[2m3:42:02 PM[22m [36m[1m[vite][22m[39m [32mpage reload [39m[2m.tmp-chrome-check/Default/Extensions/fheoggkfdfchfphceeifdbepaooicaho/8.1.0.9066_0/html/dfd_landing_page.html[22m
[2m3:42:02 PM[22m [36m[1m[vite][22m[39m [32mpage reload [39m[2m.tmp-chrome-check/Default/Extensions/fheoggkfdfchfphceeifdbepaooicaho/8.1.0.9066_0/html/ff_policy.html[22m
[2m3:42:02 PM[22m [36m[1m[vite][22m[39m [32mpage reload [39m[2m.tmp-chrome-check/Default/Extensions/fheoggkfdfchfphceeifdbepaooicaho/8.1.0.9066_0/html/ff_policy2.html[22m
[2m3:42:02 PM[22m [36m[1m[vite][22m[39m [32mpage reload [39m[2m.tmp-chrome-check/Default/Extensions/fheoggkfdfchfphceeifdbepaooicaho/8.1.0.9066_0/html/foreground_sidebar_main.html[22m
[2m3:42:02 PM[22m [36m[1m[vite][22m[39m [32mpage reload [39m[2m.tmp-chrome-check/Default/Extensions/fheoggkfdfchfphceeifdbepaooicaho/8.1.0.9066_0/html/how_it_works.html[22m
[2m3:42:02 PM[22m [36m[1m[vite][22m[39m [32mpage reload [39m[2m.tmp-chrome-check/Default/Extensions/fheoggkfdfchfphceeifdbepaooicaho/8.1.0.9066_0/html/iframe_block_page.html[22m
[2m3:42:02 PM[22m [36m[1m[vite][22m[39m [32mpage reload [39m[2m.tmp-chrome-check/Default/Extensions/fheoggkfdfchfphceeifdbepaooicaho/8.1.0.9066_0/html/nps_survey.html[22m
[2m3:42:02 PM[22m [36m[1m[vite][22m[39m [32mpage reload [39m[2m.tmp-chrome-check/Default/Extensions/fheoggkfdfchfphceeifdbepaooicaho/8.1.0.9066_0/html/page_banner_mb.html[22m
[2m3:42:02 PM[22m [36m[1m[vite][22m[39m [32mpage reload [39m[2m.tmp-chrome-check/Default/Extensions/fheoggkfdfchfphceeifdbepaooicaho/8.1.0.9066_0/html/preference.html[22m
[2m3:42:02 PM[22m [36m[1m[vite][22m[39m [32mpage reload [39m[2m.tmp-chrome-check/Default/Extensions/fheoggkfdfchfphceeifdbepaooicaho/8.1.0.9066_0/html/settings.html[22m
[2m3:42:02 PM[22m [36m[1m[vite][22m[39m [32mpage reload [39m[2m.tmp-chrome-check/Default/Extensions/fheoggkfdfchfphceeifdbepaooicaho/8.1.0.9066_0/html/site_status_block_page.html[22m
[2m3:42:02 PM[22m [36m[1m[vite][22m[39m [32mpage reload [39m[2m.tmp-chrome-check/Default/Extensions/fheoggkfdfchfphceeifdbepaooicaho/8.1.0.9066_0/html/site_status_site_report.html[22m
[2m3:42:02 PM[22m [36m[1m[vite][22m[39m [32mpage reload [39m[2m.tmp-chrome-check/Default/Extensions/fheoggkfdfchfphceeifdbepaooicaho/8.1.0.9066_0/html/site_status_typosquatting.html[22m
[2m3:42:02 PM[22m [36m[1m[vite][22m[39m [32mpage reload [39m[2m.tmp-chrome-check/Default/Extensions/fheoggkfdfchfphceeifdbepaooicaho/8.1.0.9066_0/html/statistics.html[22m
[2m3:42:02 PM[22m [36m[1m[vite][22m[39m [32mpage reload [39m[2m.tmp-chrome-check/Default/Extensions/fheoggkfdfchfphceeifdbepaooicaho/8.1.0.9066_0/html/whitelist.html[22m
[2m3:42:02 PM[22m [36m[1m[vite][22m[39m [32mpage reload [39m[2m.tmp-chrome-check/Default/Extensions/fheoggkfdfchfphceeifdbepaooicaho/8.1.0.9066_0/html/balloon_message/advanced_protection_signal.html[22m
[2m3:42:02 PM[22m [36m[1m[vite][22m[39m [32mpage reload [39m[2m.tmp-chrome-check/Default/Extensions/fheoggkfdfchfphceeifdbepaooicaho/8.1.0.9066_0/html/balloon_message/advanced_protection_signal_toast.html[22m
[2m3:42:02 PM[22m [36m[1m[vite][22m[39m [32mpage reload [39m[2m.tmp-chrome-check/Default/Extensions/fheoggkfdfchfphceeifdbepaooicaho/8.1.0.9066_0/html/balloon_message/download_scan_popup.html[22m
[2m3:42:02 PM[22m [36m[1m[vite][22m[39m [32mpage reload [39m[2m.tmp-chrome-check/Default/Extensions/fheoggkfdfchfphceeifdbepaooicaho/8.1.0.9066_0/html/balloon_message/dws.html[22m
[2m3:42:02 PM[22m [36m[1m[vite][22m[39m [32mpage reload [39m[2m.tmp-chrome-check/Default/Extensions/fheoggkfdfchfphceeifdbepaooicaho/8.1.0.9066_0/html/balloon_message/esd_toast.html[22m
[2m3:42:02 PM[22m [36m[1m[vite][22m[39m [32mpage reload [39m[2m.tmp-chrome-check/Default/Extensions/fheoggkfdfchfphceeifdbepaooicaho/8.1.0.9066_0/html/balloon_message/no_native_toast.html[22m
[2m3:42:02 PM[22m [36m[1m[vite][22m[39m [32mpage reload [39m[2m.tmp-chrome-check/Default/Extensions/fheoggkfdfchfphceeifdbepaooicaho/8.1.0.9066_0/html/sidebar/sidebar_rat_detection.html[22m
[2m3:42:02 PM[22m [36m[1m[vite][22m[39m [32mpage reload [39m[2m.tmp-chrome-check/Default/Extensions/fheoggkfdfchfphceeifdbepaooicaho/8.1.0.9066_0/html/topright_bar/web_boost_upsell_right.html[22m
[2m3:42:02 PM[22m [36m[1m[vite][22m[39m [32mpage reload [39m[2m.tmp-chrome-check/Default/Extensions/fheoggkfdfchfphceeifdbepaooicaho/8.1.0.9066_0/html/topright_bar/web_boost_upsell_top.html[22m
[2m3:42:02 PM[22m [36m[1m[vite][22m[39m [32mpage reload [39m[2m.tmp-chrome-check/Default/Extensions/fheoggkfdfchfphceeifdbepaooicaho/8.1.0.9066_0/html/topbar/topbar_iframe_block.html[22m
[2m3:42:02 PM[22m [36m[1m[vite][22m[39m [32mpage reload [39m[2m.tmp-chrome-check/Default/Extensions/fheoggkfdfchfphceeifdbepaooicaho/8.1.0.9066_0/html/sidebar/sidebar_main/sidebar_home.html[22m
[2m3:42:02 PM[22m [36m[1m[vite][22m[39m [32mpage reload [39m[2m.tmp-chrome-check/Default/Extensions/fheoggkfdfchfphceeifdbepaooicaho/8.1.0.9066_0/html/sidebar/sidebar_main/sidebar_main.html[22m
[2m3:42:02 PM[22m [36m[1m[vite][22m[39m [32mpage reload [39m[2m.tmp-chrome-check/Default/Extensions/fheoggkfdfchfphceeifdbepaooicaho/8.1.0.9066_0/html/sidebar/sidebar_main/sidebar_mb.html[22m
[2m3:42:02 PM[22m [36m[1m[vite][22m[39m [32mpage reload [39m[2m.tmp-chrome-check/Default/Extensions/fheoggkfdfchfphceeifdbepaooicaho/8.1.0.9066_0/html/sidebar/sidebar_main/sidebar_mb_faq.html[22m
[2m3:42:04 PM[22m [36m[1m[vite][22m[39m [32mpage reload [39m[2m.tmp-chrome-check/Default/Extensions/nmmhkkegccagdldgiimedpiccmgmieda/1.0.0.6_0/html/craw_window.html[22m
[2m3:42:04 PM[22m [36m[1m[vite][22m[39m [32mpage reload [39m[2m.tmp-chrome-check/Default/Extensions/ghbmnnjooekpmoecnnnilnnbdlolhkhi/1.104.1_0/offscreendocument.html[22m
[2m3:43:35 PM[22m [36m[1m[vite][22m[39m [32mhmr update [39m[2m/src/components/SiteLayout.jsx, /src/index.css[22m
[2m3:43:44 PM[22m [36m[1m[vite][22m[39m [32mhmr update [39m[2m/src/components/SiteLayout.jsx, /src/index.css[22m
[2m3:55:59 PM[22m [36m[1m[vite][22m[39m [32mhmr update [39m[2m/src/generated/pages/ContactUsPage.jsx, /src/index.css[22m
[2m3:56:11 PM[22m [36m[1m[vite][22m[39m [32mhmr update [39m[2m/src/generated/pages/ContactUsPage.jsx, /src/index.css[22m
[2m3:56:31 PM[22m [36m[1m[vite][22m[39m [32mhmr update [39m[2m/src/generated/pages/ContactUsPage.jsx, /src/index.css[22m
[2m4:02:39 PM[22m [36m[1m[vite][22m[39m [32mhmr update [39m[2m/src/generated/pages/ContactUsPage.jsx, /src/index.css[22m
[2m4:02:39 PM[22m [36m[1m[vite][22m[39m [32mhmr update [39m[2m/src/generated/pages/ContactUsPage.jsx, /src/index.css[22m
[2m4:02:39 PM[22m [36m[1m[vite][22m[39m [32mhmr update [39m[2m/src/generated/pages/ContactUsPage.jsx, /src/index.css[22m
[2m4:09:54 PM[22m [36m[1m[vite][22m[39m [32mhmr update [39m[2m/src/components/SiteLayout.jsx, /src/index.css[22m
[2m4:12:36 PM[22m [36m[1m[vite][22m[39m [32mhmr update [39m[2m/src/components/SiteLayout.jsx, /src/index.css[22m
[2m4:12:41 PM[22m [36m[1m[vite][22m[39m [32mhmr update [39m[2m/src/components/SiteLayout.jsx, /src/index.css[22m
[2m4:12:41 PM[22m [36m[1m[vite][22m[39m [32mhmr update [39m[2m/src/components/SiteLayout.jsx, /src/index.css[22m
[2m4:12:41 PM[22m [36m[1m[vite][22m[39m [32mhmr update [39m[2m/src/components/SiteLayout.jsx, /src/index.css[22m
[2m4:12:51 PM[22m [36m[1m[vite][22m[39m [32mhmr update [39m[2m/src/components/SiteLayout.jsx, /src/index.css[22m
[2m4:12:52 PM[22m [36m[1m[vite][22m[39m [32mhmr update [39m[2m/src/components/SiteLayout.jsx, /src/index.css[22m
[2m4:12:52 PM[22m [36m[1m[vite][22m[39m [32mhmr update [39m[2m/src/components/SiteLayout.jsx, /src/index.css[22m
[2m4:13:00 PM[22m [36m[1m[vite][22m[39m [32mhmr update [39m[2m/src/components/SiteLayout.jsx, /src/index.css[22m
[2m4:13:01 PM[22m [36m[1m[vite][22m[39m [32mhmr update [39m[2m/src/components/SiteLayout.jsx, /src/index.css[22m
[2m4:13:01 PM[22m [36m[1m[vite][22m[39m [32mhmr update [39m[2m/src/components/SiteLayout.jsx, /src/index.css[22m
[2m4:13:06 PM[22m [36m[1m[vite][22m[39m [32mhmr update [39m[2m/src/components/SiteLayout.jsx, /src/index.css[22m
[2m4:13:07 PM[22m [36m[1m[vite][22m[39m [32mhmr update [39m[2m/src/components/SiteLayout.jsx, /src/index.css[22m
[2m4:13:31 PM[22m [36m[1m[vite][22m[39m [32mhmr update [39m[2m/src/components/SiteLayout.jsx, /src/index.css[22m
[2m4:13:32 PM[22m [36m[1m[vite][22m[39m [32mhmr update [39m[2m/src/components/SiteLayout.jsx, /src/index.css[22m
[2m4:13:32 PM[22m [36m[1m[vite][22m[39m [32mhmr update [39m[2m/src/components/SiteLayout.jsx, /src/index.css[22m
[2m4:14:09 PM[22m [36m[1m[vite][22m[39m [32mhmr update [39m[2m/src/components/SiteLayout.jsx, /src/index.css[22m
[2m4:14:14 PM[22m [36m[1m[vite][22m[39m [32mhmr update [39m[2m/src/components/SiteLayout.jsx, /src/index.css[22m
[2m4:14:14 PM[22m [36m[1m[vite][22m[39m [32mhmr update [39m[2m/src/components/SiteLayout.jsx, /src/index.css[22m
[2m4:14:15 PM[22m [36m[1m[vite][22m[39m [32mhmr update [39m[2m/src/components/SiteLayout.jsx, /src/index.css[22m
[2m4:14:20 PM[22m [36m[1m[vite][22m[39m [32mhmr update [39m[2m/src/components/SiteLayout.jsx, /src/index.css[22m
[2m4:14:20 PM[22m [36m[1m[vite][22m[39m [32mhmr update [39m[2m/src/components/SiteLayout.jsx, /src/index.css[22m
[2m4:14:21 PM[22m [36m[1m[vite][22m[39m [32mhmr update [39m[2m/src/components/SiteLayout.jsx, /src/index.css[22m
[2m4:14:28 PM[22m [36m[1m[vite][22m[39m [32mhmr update [39m[2m/src/components/SiteLayout.jsx, /src/index.css[22m
[2m4:14:28 PM[22m [36m[1m[vite][22m[39m [32mhmr update [39m[2m/src/components/SiteLayout.jsx, /src/index.css[22m
[2m4:14:28 PM[22m [36m[1m[vite][22m[39m [32mhmr update [39m[2m/src/components/SiteLayout.jsx, /src/index.css[22m
[2m4:14:29 PM[22m [36m[1m[vite][22m[39m [32mhmr update [39m[2m/src/components/SiteLayout.jsx, /src/index.css[22m
[2m4:14:30 PM[22m [36m[1m[vite][22m[39m [32mhmr update [39m[2m/src/components/SiteLayout.jsx, /src/index.css[22m
[2m4:16:57 PM[22m [36m[1m[vite][22m[39m [32mhmr update [39m[2m/src/components/SiteLayout.jsx, /src/index.css[22m
[2m4:18:04 PM[22m [36m[1m[vite][22m[39m [32mhmr update [39m[2m/src/components/SiteLayout.jsx, /src/index.css[22m
[2m4:21:18 PM[22m [36m[1m[vite][22m[39m [32mhmr update [39m[2m/src/components/SiteLayout.jsx, /src/index.css[22m
[2m4:21:34 PM[22m [36m[1m[vite][22m[39m [32mhmr update [39m[2m/src/index.css[22m
[2m4:23:18 PM[22m [36m[1m[vite][22m[39m [32mhmr update [39m[2m/src/components/SiteLayout.jsx, /src/index.css[22m
[2m4:23:29 PM[22m [36m[1m[vite][22m[39m [32mhmr update [39m[2m/src/index.css[22m
